<?xml version="1.0" encoding="UTF-8"?>
<testng-results ignored="0" total="1" passed="1" failed="0" skipped="0">
  <reporter-output>
  </reporter-output>
  <suite started-at="2022-01-30T15:43:47 IST" name="BankingV2" finished-at="2022-01-30T15:44:03 IST" duration-ms="16282">
    <groups>
    </groups>
    <test started-at="2022-01-30T15:43:47 IST" name="BankingAPP Test" finished-at="2022-01-30T15:44:03 IST" duration-ms="16282">
      <class name="com.banking.testCases.TC_LoginPage_001">
        <test-method is-config="true" signature="setup(java.lang.String)[pri:0, instance:com.banking.testCases.TC_LoginPage_001@1eb5174b]" started-at="2022-01-30T15:43:48 IST" name="setup" finished-at="2022-01-30T15:43:59 IST" duration-ms="10787" status="PASS">
          <params>
            <param index="0">
              <value>
                <![CDATA[chrome]]>
              </value>
            </param>
          </params>
          <reporter-output>
          </reporter-output>
        </test-method> <!-- setup -->
        <test-method signature="loginTest()[pri:0, instance:com.banking.testCases.TC_LoginPage_001@1eb5174b]" started-at="2022-01-30T15:43:59 IST" name="loginTest" finished-at="2022-01-30T15:44:02 IST" duration-ms="2760" status="PASS">
          <reporter-output>
          </reporter-output>
        </test-method> <!-- loginTest -->
        <test-method is-config="true" signature="close()[pri:0, instance:com.banking.testCases.TC_LoginPage_001@1eb5174b]" started-at="2022-01-30T15:44:02 IST" name="close" finished-at="2022-01-30T15:44:03 IST" duration-ms="1312" status="PASS">
          <reporter-output>
          </reporter-output>
        </test-method> <!-- close -->
      </class> <!-- com.banking.testCases.TC_LoginPage_001 -->
    </test> <!-- BankingAPP Test -->
  </suite> <!-- BankingV2 -->
</testng-results>
